[debug] [2025-04-01T15:51:39.695Z] ----------------------------------------------------------------------
[debug] [2025-04-01T15:51:39.698Z] Command:       C:\Program Files\nodejs\node.exe C:\Users\SUqai\AppData\Roaming\npm\node_modules\firebase-tools\lib\bin\firebase.js init
[debug] [2025-04-01T15:51:39.699Z] CLI Version:   14.0.1
[debug] [2025-04-01T15:51:39.699Z] Platform:      win32
[debug] [2025-04-01T15:51:39.699Z] Node Version:  v22.13.1
[debug] [2025-04-01T15:51:39.700Z] Time:          Tue Apr 01 2025 08:51:39 GMT-0700 (Pacific Daylight Time)
[debug] [2025-04-01T15:51:39.700Z] ----------------------------------------------------------------------
[debug] 
[debug] [2025-04-01T15:51:39.715Z] > command requires scopes: ["email","openid","https://www.googleapis.com/auth/cloudplatformprojects.readonly","https://www.googleapis.com/auth/firebase","https://www.googleapis.com/auth/cloud-platform"]
[debug] [2025-04-01T15:51:39.716Z] > authorizing via signed-in user (suqaili99@gmail.com)
[info] 
     ######## #### ########  ######## ########     ###     ######  ########
     ##        ##  ##     ## ##       ##     ##  ##   ##  ##       ##
     ######    ##  ########  ######   ########  #########  ######  ######
     ##        ##  ##    ##  ##       ##     ## ##     ##       ## ##
     ##       #### ##     ## ######## ########  ##     ##  ######  ########

You're about to initialize a Firebase project in this directory:

  C:\Projects\demo07\myhike_Uqaili_Shaz

Before we get started, keep in mind:

  * You are currently outside your home directory

